build/app/intermediates/manifest_merge_blame_file/release/manifest-merger-blame-release-report.txt
1<?xml version="1.0" encoding="utf-8"?>
2<manifest xmlns:android="http://schemas.android.com/apk/res/android"
3    package="com.example.flutter_alarm_clock"
4    android:versionCode="4001"
5    android:versionName="1.0.0" >
6
7    <uses-sdk
8        android:minSdkVersion="16"
8-->src/main/AndroidManifest.xml
9        android:targetSdkVersion="31" />
9-->src/main/AndroidManifest.xml
10
11    <uses-permission android:name="android.permission.RECEIVE_BOOT_COMPLETED" />
11-->src/main/AndroidManifest.xml:5:5-80
11-->src/main/AndroidManifest.xml:5:22-78
12    <uses-permission android:name="android.permission.VIBRATE" />
12-->src/main/AndroidManifest.xml:6:5-66
12-->src/main/AndroidManifest.xml:6:22-63
13
14    <application
15        android:name="android.app.Application"
15-->src/main/AndroidManifest.xml:10:9-42
16        android:appComponentFactory="androidx.core.app.CoreComponentFactory"
16-->[androidx.core:core:1.6.0] AndroidManifest.xml:24:18-86
17        android:icon="@mipmap/ic_launcher"
17-->src/main/AndroidManifest.xml:11:9-43
18        android:label="Alarm App" >
18-->src/main/AndroidManifest.xml:9:9-34
19        <activity
19-->src/main/AndroidManifest.xml:12:9-35:20
20            android:name="com.example.flutter_alarm_clock.MainActivity"
20-->src/main/AndroidManifest.xml:13:13-41
21            android:configChanges="orientation|keyboardHidden|keyboard|screenSize|smallestScreenSize|locale|layoutDirection|fontScale|screenLayout|density|uiMode"
21-->src/main/AndroidManifest.xml:17:13-163
22            android:exported="true"
22-->src/main/AndroidManifest.xml:14:13-36
23            android:hardwareAccelerated="true"
23-->src/main/AndroidManifest.xml:18:13-47
24            android:launchMode="singleTop"
24-->src/main/AndroidManifest.xml:15:13-43
25            android:showWhenLocked="true"
25-->src/main/AndroidManifest.xml:20:13-42
26            android:theme="@style/LaunchTheme"
26-->src/main/AndroidManifest.xml:16:13-47
27            android:turnScreenOn="true"
27-->src/main/AndroidManifest.xml:21:13-40
28            android:windowSoftInputMode="adjustResize" >
28-->src/main/AndroidManifest.xml:19:13-55
29
30            <!--
31                 Specifies an Android theme to apply to this Activity as soon as
32                 the Android process has started. This theme is visible to the user
33                 while the Flutter UI initializes. After that, this theme continues
34                 to determine the Window background behind the Flutter UI.
35            -->
36            <meta-data
36-->src/main/AndroidManifest.xml:27:13-30:17
37                android:name="io.flutter.embedding.android.NormalTheme"
37-->src/main/AndroidManifest.xml:28:15-70
38                android:resource="@style/NormalTheme" />
38-->src/main/AndroidManifest.xml:29:15-52
39
40            <intent-filter>
40-->src/main/AndroidManifest.xml:31:13-34:29
41                <action android:name="android.intent.action.MAIN" />
41-->src/main/AndroidManifest.xml:32:17-68
41-->src/main/AndroidManifest.xml:32:25-66
42
43                <category android:name="android.intent.category.LAUNCHER" />
43-->src/main/AndroidManifest.xml:33:17-76
43-->src/main/AndroidManifest.xml:33:27-74
44            </intent-filter>
45        </activity>
46
47        <receiver android:name="com.dexterous.flutterlocalnotifications.ScheduledNotificationBootReceiver" >
47-->src/main/AndroidManifest.xml:37:9-42:24
47-->src/main/AndroidManifest.xml:37:19-107
48            <intent-filter>
48-->src/main/AndroidManifest.xml:38:17-41:33
49                <action android:name="android.intent.action.BOOT_COMPLETED" />
49-->src/main/AndroidManifest.xml:39:21-82
49-->src/main/AndroidManifest.xml:39:29-80
50                <action android:name="android.intent.action.MY_PACKAGE_REPLACED" />
50-->src/main/AndroidManifest.xml:40:21-87
50-->src/main/AndroidManifest.xml:40:29-85
51            </intent-filter>
52        </receiver>
53        <receiver android:name="com.dexterous.flutterlocalnotifications.ScheduledNotificationReceiver" />
53-->src/main/AndroidManifest.xml:43:13-110
53-->src/main/AndroidManifest.xml:43:23-107
54        <!--
55             Don't delete the meta-data below.
56             This is used by the Flutter tool to generate GeneratedPluginRegistrant.java
57        -->
58        <meta-data
58-->src/main/AndroidManifest.xml:46:9-48:33
59            android:name="flutterEmbedding"
59-->src/main/AndroidManifest.xml:47:13-44
60            android:value="2" />
60-->src/main/AndroidManifest.xml:48:13-30
61
62        <uses-library
62-->[androidx.window:window:1.0.0-beta04] AndroidManifest.xml:25:9-27:40
63            android:name="androidx.window.extensions"
63-->[androidx.window:window:1.0.0-beta04] AndroidManifest.xml:26:13-54
64            android:required="false" />
64-->[androidx.window:window:1.0.0-beta04] AndroidManifest.xml:27:13-37
65        <uses-library
65-->[androidx.window:window:1.0.0-beta04] AndroidManifest.xml:28:9-30:40
66            android:name="androidx.window.sidecar"
66-->[androidx.window:window:1.0.0-beta04] AndroidManifest.xml:29:13-51
67            android:required="false" />
67-->[androidx.window:window:1.0.0-beta04] AndroidManifest.xml:30:13-37
68    </application>
69
70</manifest>